# JRE version: OpenJDK Runtime Environment (16.0.2+7) (build 16.0.2+7-67)
# Java VM: OpenJDK 64-Bit Server VM (16.0.2+7-67, mixed mode, tiered, compressed oops, compressed class ptrs, g1 gc, windows-amd64)
GC Precious Log:
 CPUs: 8 total, 8 available
 Memory: 8038M
 Large Page Support: Disabled
 NUMA Support: Disabled
 Compressed Oops: Enabled (32-bit)
 Heap Region Size: 1M
 Heap Min Capacity: 8M
 Heap Initial Capacity: 126M
 Heap Max Capacity: 2010M
 Pre-touch: Disabled
 Parallel Workers: 8
 Concurrent Workers: 2
 Concurrent Refinement Workers: 8
 Periodic GC: Disabled
Heap:
 garbage-first heap   total 140288K, used 105152K [0x0000000082600000, 0x0000000100000000)
  region size 1024K, 63 young (64512K), 6 survivors (6144K)
 Metaspace       used 89242K, committed 89920K, reserved 1130496K
  class space    used 11696K, committed 12032K, reserved 1048576K
GC Heap History (20 events):
Event: 11.966 GC heap before
{Heap before GC invocations=29 (full 0):
 garbage-first heap   total 122880K, used 110545K [0x0000000082600000, 0x0000000100000000)
  region size 1024K, 70 young (71680K), 8 survivors (8192K)
 Metaspace       used 80710K, committed 81152K, reserved 1122304K
  class space    used 10605K, committed 10816K, reserved 1048576K
}
Event: 11.980 GC heap after
{Heap after GC invocations=30 (full 0):
 garbage-first heap   total 123904K, used 39858K [0x0000000082600000, 0x0000000100000000)
  region size 1024K, 8 young (8192K), 8 survivors (8192K)
 Metaspace       used 80710K, committed 81152K, reserved 1122304K
  class space    used 10605K, committed 10816K, reserved 1048576K
}
Event: 49.233 GC heap before
{Heap before GC invocations=30 (full 0):
 garbage-first heap   total 123904K, used 98226K [0x0000000082600000, 0x0000000100000000)
  region size 1024K, 66 young (67584K), 8 survivors (8192K)
 Metaspace       used 82465K, committed 83008K, reserved 1122304K
  class space    used 10826K, committed 11136K, reserved 1048576K
}
Event: 49.239 GC heap after
{Heap after GC invocations=31 (full 0):
 garbage-first heap   total 123904K, used 40514K [0x0000000082600000, 0x0000000100000000)
  region size 1024K, 5 young (5120K), 5 survivors (5120K)
 Metaspace       used 82465K, committed 83008K, reserved 1122304K
  class space    used 10826K, committed 11136K, reserved 1048576K
}
Event: 49.846 GC heap before
{Heap before GC invocations=31 (full 0):
 garbage-first heap   total 123904K, used 99906K [0x0000000082600000, 0x0000000100000000)
  region size 1024K, 64 young (65536K), 5 survivors (5120K)
 Metaspace       used 85713K, committed 86336K, reserved 1130496K
  class space    used 11273K, committed 11584K, reserved 1048576K
}
Event: 49.853 GC heap after
{Heap after GC invocations=32 (full 0):
 garbage-first heap   total 123904K, used 45992K [0x0000000082600000, 0x0000000100000000)
  region size 1024K, 7 young (7168K), 7 survivors (7168K)
 Metaspace       used 85713K, committed 86336K, reserved 1130496K
  class space    used 11273K, committed 11584K, reserved 1048576K
}
Event: 73.771 GC heap before
{Heap before GC invocations=32 (full 0):
 garbage-first heap   total 123904K, used 97192K [0x0000000082600000, 0x0000000100000000)
  region size 1024K, 58 young (59392K), 7 survivors (7168K)
 Metaspace       used 87539K, committed 88128K, reserved 1130496K
  class space    used 11514K, committed 11840K, reserved 1048576K
}
Event: 73.776 GC heap after
{Heap after GC invocations=33 (full 0):
 garbage-first heap   total 149504K, used 47737K [0x0000000082600000, 0x0000000100000000)
  region size 1024K, 3 young (3072K), 3 survivors (3072K)
 Metaspace       used 87539K, committed 88128K, reserved 1130496K
  class space    used 11514K, committed 11840K, reserved 1048576K
}
Event: 130.273 GC heap before
{Heap before GC invocations=33 (full 0):
 garbage-first heap   total 149504K, used 113273K [0x0000000082600000, 0x0000000100000000)
  region size 1024K, 68 young (69632K), 3 survivors (3072K)
 Metaspace       used 87660K, committed 88320K, reserved 1130496K
  class space    used 11527K, committed 11840K, reserved 1048576K
}
Event: 130.275 GC heap after
{Heap after GC invocations=34 (full 0):
 garbage-first heap   total 149504K, used 47366K [0x0000000082600000, 0x0000000100000000)
  region size 1024K, 2 young (2048K), 2 survivors (2048K)
 Metaspace       used 87660K, committed 88320K, reserved 1130496K
  class space    used 11527K, committed 11840K, reserved 1048576K
}
Event: 193.628 GC heap before
{Heap before GC invocations=34 (full 0):
 garbage-first heap   total 149504K, used 116998K [0x0000000082600000, 0x0000000100000000)
  region size 1024K, 70 young (71680K), 2 survivors (2048K)
 Metaspace       used 87663K, committed 88320K, reserved 1130496K
  class space    used 11528K, committed 11840K, reserved 1048576K
}
Event: 193.629 GC heap after
{Heap after GC invocations=35 (full 0):
 garbage-first heap   total 149504K, used 47184K [0x0000000082600000, 0x0000000100000000)
  region size 1024K, 2 young (2048K), 2 survivors (2048K)
 Metaspace       used 87663K, committed 88320K, reserved 1130496K
  class space    used 11528K, committed 11840K, reserved 1048576K
}
Event: 253.284 GC heap before
{Heap before GC invocations=35 (full 0):
 garbage-first heap   total 149504K, used 108624K [0x0000000082600000, 0x0000000100000000)
  region size 1024K, 63 young (64512K), 2 survivors (2048K)
 Metaspace       used 87836K, committed 88448K, reserved 1130496K
  class space    used 11560K, committed 11840K, reserved 1048576K
}
Event: 253.365 GC heap after
{Heap after GC invocations=36 (full 1):
 garbage-first heap   total 140288K, used 39407K [0x0000000082600000, 0x0000000100000000)
  region size 1024K, 0 young (0K), 0 survivors (0K)
 Metaspace       used 87823K, committed 88448K, reserved 1130496K
  class space    used 11558K, committed 11840K, reserved 1048576K
}
Event: 253.868 GC heap before
{Heap before GC invocations=36 (full 1):
 garbage-first heap   total 140288K, used 110063K [0x0000000082600000, 0x0000000100000000)
  region size 1024K, 70 young (71680K), 0 survivors (0K)
 Metaspace       used 88181K, committed 88768K, reserved 1130496K
  class space    used 11609K, committed 11904K, reserved 1048576K
}
Event: 253.871 GC heap after
{Heap after GC invocations=37 (full 1):
 garbage-first heap   total 140288K, used 42757K [0x0000000082600000, 0x0000000100000000)
  region size 1024K, 4 young (4096K), 4 survivors (4096K)
 Metaspace       used 88181K, committed 88768K, reserved 1130496K
  class space    used 11609K, committed 11904K, reserved 1048576K
}
Event: 254.273 GC heap before
{Heap before GC invocations=37 (full 1):
 garbage-first heap   total 140288K, used 110341K [0x0000000082600000, 0x0000000100000000)
  region size 1024K, 71 young (72704K), 4 survivors (4096K)
 Metaspace       used 88530K, committed 89216K, reserved 1130496K
  class space    used 11640K, committed 11968K, reserved 1048576K
}
Event: 254.276 GC heap after
{Heap after GC invocations=38 (full 1):
 garbage-first heap   total 140288K, used 45341K [0x0000000082600000, 0x0000000100000000)
  region size 1024K, 6 young (6144K), 6 survivors (6144K)
 Metaspace       used 88530K, committed 89216K, reserved 1130496K
  class space    used 11640K, committed 11968K, reserved 1048576K
}
Event: 254.601 GC heap before
{Heap before GC invocations=38 (full 1):
 garbage-first heap   total 140288K, used 112925K [0x0000000082600000, 0x0000000100000000)
  region size 1024K, 72 young (73728K), 6 survivors (6144K)
 Metaspace       used 89193K, committed 89856K, reserved 1130496K
  class space    used 11693K, committed 12032K, reserved 1048576K
}
Event: 254.605 GC heap after
{Heap after GC invocations=39 (full 1):
 garbage-first heap   total 140288K, used 47808K [0x0000000082600000, 0x0000000100000000)
  region size 1024K, 6 young (6144K), 6 survivors (6144K)
 Metaspace       used 89193K, committed 89856K, reserved 1130496K
  class space    used 11693K, committed 12032K, reserved 1048576K
}

